TN:
SF:/home/davis/code/objectivefire/src/module.js
FNF:0
FNH:0
DA:3,1
LF:1
LH:1
BRF:0
BRH:0
end_of_record
TN:
SF:/home/davis/code/objectivefire/src/factories.js
FN:3,(anonymous_1)
FN:5,(anonymous_2)
FN:17,(anonymous_3)
FN:65,(anonymous_4)
FN:89,(anonymous_5)
FN:125,(anonymous_6)
FN:178,(anonymous_7)
FN:183,(anonymous_8)
FN:190,(anonymous_9)
FNF:9
FNH:8
FNDA:26,(anonymous_1)
FNDA:29,(anonymous_2)
FNDA:1,(anonymous_3)
FNDA:0,(anonymous_4)
FNDA:11,(anonymous_5)
FNDA:4,(anonymous_6)
FNDA:19,(anonymous_7)
FNDA:1,(anonymous_8)
FNDA:1,(anonymous_9)
DA:2,1
DA:4,26
DA:6,29
DA:7,29
DA:8,29
DA:9,29
DA:10,29
DA:11,29
DA:12,14
DA:13,14
DA:17,29
DA:18,1
DA:19,1
DA:20,1
DA:21,1
DA:22,1
DA:23,0
DA:25,1
DA:27,1
DA:28,1
DA:29,1
DA:30,0
DA:31,0
DA:32,0
DA:33,0
DA:36,1
DA:37,1
DA:38,1
DA:39,1
DA:40,1
DA:43,1
DA:44,1
DA:45,1
DA:46,1
DA:47,0
DA:48,0
DA:49,0
DA:50,0
DA:51,0
DA:52,0
DA:53,1
DA:54,1
DA:55,1
DA:56,1
DA:57,1
DA:58,1
DA:59,1
DA:60,1
DA:65,0
DA:66,0
DA:67,0
DA:68,0
DA:69,0
DA:70,0
DA:71,0
DA:72,0
DA:73,0
DA:74,0
DA:75,0
DA:76,0
DA:77,0
DA:80,0
DA:81,0
DA:85,0
DA:87,1
DA:89,29
DA:90,11
DA:91,11
DA:92,11
DA:93,11
DA:94,11
DA:95,11
DA:96,6
DA:97,6
DA:99,11
DA:100,4
DA:101,4
DA:102,3
DA:104,1
DA:107,11
DA:108,3
DA:109,3
DA:110,0
DA:111,0
DA:112,0
DA:115,3
DA:118,11
DA:119,13
DA:120,4
DA:123,11
DA:125,29
DA:126,4
DA:127,4
DA:128,4
DA:129,4
DA:130,4
DA:131,4
DA:132,0
DA:134,4
DA:135,4
DA:136,4
DA:137,4
DA:139,4
DA:140,4
DA:141,2
DA:142,2
DA:144,1
DA:145,0
DA:146,0
DA:147,0
DA:148,0
DA:149,0
DA:151,1
DA:154,1
DA:157,4
DA:158,2
DA:159,2
DA:160,2
DA:161,0
DA:162,0
DA:163,0
DA:164,0
DA:165,0
DA:166,0
DA:168,2
DA:171,0
DA:174,4
DA:176,29
DA:179,19
DA:184,1
DA:185,1
DA:187,0
DA:191,1
DA:192,1
DA:197,26
LF:135
LH:91
BRDA:12,1,0,14
BRDA:12,1,1,0
BRDA:22,2,0,0
BRDA:22,2,1,1
BRDA:25,3,0,1
BRDA:25,3,1,0
BRDA:30,4,0,0
BRDA:30,4,1,0
BRDA:37,5,0,1
BRDA:37,5,1,0
BRDA:45,6,0,1
BRDA:45,6,1,0
BRDA:46,7,0,0
BRDA:46,7,1,1
BRDA:53,8,0,1
BRDA:53,8,1,0
BRDA:66,9,0,0
BRDA:66,9,1,0
BRDA:67,10,0,0
BRDA:67,10,1,0
BRDA:72,11,0,0
BRDA:72,11,1,0
BRDA:101,12,0,3
BRDA:101,12,1,1
BRDA:109,13,0,0
BRDA:109,13,1,3
BRDA:119,14,0,4
BRDA:119,14,1,9
BRDA:131,15,0,0
BRDA:131,15,1,4
BRDA:142,16,0,1
BRDA:142,16,1,1
BRDA:144,17,0,0
BRDA:144,17,1,1
BRDA:144,18,0,1
BRDA:144,18,1,1
BRDA:159,19,0,2
BRDA:159,19,1,0
BRDA:160,20,0,0
BRDA:160,20,1,2
BRDA:184,21,0,1
BRDA:184,21,1,0
BRF:42
BRH:21
end_of_record
TN:
SF:/home/davis/code/objectivefire/src/fireObject.js
FN:3,(anonymous_1)
FN:14,FireObject
FN:36,(anonymous_3)
FN:86,(anonymous_4)
FN:93,(anonymous_5)
FNF:5
FNH:5
FNDA:26,(anonymous_1)
FNDA:29,FireObject
FNDA:12,(anonymous_3)
FNDA:3,(anonymous_4)
FNDA:1,(anonymous_5)
DA:2,1
DA:14,1
DA:15,29
DA:16,0
DA:18,29
DA:19,29
DA:20,29
DA:22,29
DA:36,26
DA:38,12
DA:39,12
DA:41,12
DA:42,12
DA:44,12
DA:46,11
DA:48,1
DA:53,11
DA:54,11
DA:55,11
DA:56,11
DA:58,11
DA:59,4
DA:60,4
DA:61,4
DA:62,4
DA:66,11
DA:67,3
DA:68,3
DA:69,0
DA:70,0
DA:73,11
DA:74,11
DA:75,11
DA:86,26
DA:88,3
DA:89,3
DA:90,3
DA:92,3
DA:93,3
DA:94,1
DA:96,3
DA:97,3
DA:98,3
DA:99,2
DA:100,0
DA:102,2
DA:105,3
DA:107,26
LF:48
LH:44
BRDA:15,1,0,0
BRDA:15,1,1,29
BRDA:44,2,0,11
BRDA:44,2,1,1
BRDA:44,3,0,12
BRDA:44,3,1,11
BRDA:60,4,0,4
BRDA:60,4,1,0
BRDA:68,5,0,0
BRDA:68,5,1,3
BRDA:99,6,0,0
BRDA:99,6,1,2
BRF:12
BRH:8
end_of_record
TN:
SF:/home/davis/code/objectivefire/src/objectClass.js
FN:3,(anonymous_1)
FN:18,ObjectClass
FNF:2
FNH:2
FNDA:15,(anonymous_1)
FNDA:9,ObjectClass
DA:2,1
DA:18,1
DA:19,9
DA:20,0
DA:22,9
DA:23,0
DA:25,9
DA:26,0
DA:28,9
DA:29,0
DA:31,9
DA:32,0
DA:34,9
DA:35,0
DA:37,9
DA:38,0
DA:39,0
DA:45,9
DA:46,9
DA:47,9
DA:48,9
DA:50,15
LF:22
LH:14
BRDA:19,1,0,0
BRDA:19,1,1,9
BRDA:22,2,0,0
BRDA:22,2,1,9
BRDA:25,3,0,0
BRDA:25,3,1,9
BRDA:28,4,0,0
BRDA:28,4,1,9
BRDA:28,5,0,9
BRDA:28,5,1,0
BRDA:31,6,0,0
BRDA:31,6,1,9
BRDA:31,7,0,9
BRDA:31,7,1,0
BRDA:34,8,0,0
BRDA:34,8,1,9
BRDA:34,9,0,9
BRDA:34,9,1,0
BRDA:37,10,0,0
BRDA:37,10,1,9
BRF:20
BRH:10
end_of_record
TN:
SF:/home/davis/code/objectivefire/src/objectiveFire.js
FN:3,(anonymous_1)
FN:15,ObjectiveFire
FN:34,(anonymous_3)
FN:63,(anonymous_4)
FN:102,(anonymous_5)
FN:113,(anonymous_6)
FNF:6
FNH:5
FNDA:15,(anonymous_1)
FNDA:16,ObjectiveFire
FNDA:12,(anonymous_3)
FNDA:6,(anonymous_4)
FNDA:9,(anonymous_5)
FNDA:0,(anonymous_6)
DA:2,1
DA:15,1
DA:16,16
DA:17,1
DA:19,15
DA:20,1
DA:22,14
DA:24,14
DA:25,14
DA:27,15
DA:35,12
DA:36,12
DA:37,12
DA:38,12
DA:64,6
DA:65,6
DA:66,6
DA:67,6
DA:68,6
DA:69,6
DA:72,6
DA:73,6
DA:74,6
DA:75,6
DA:78,6
DA:79,3
DA:80,6
DA:81,6
DA:84,6
DA:85,0
DA:87,6
DA:88,3
DA:90,6
DA:91,6
DA:92,6
DA:93,6
DA:94,6
DA:103,9
DA:114,0
DA:117,15
LF:40
LH:38
BRDA:16,1,0,1
BRDA:16,1,1,15
BRDA:19,2,0,1
BRDA:19,2,1,14
BRDA:66,3,0,6
BRDA:66,3,1,0
BRDA:72,4,0,6
BRDA:72,4,1,0
BRDA:78,5,0,3
BRDA:78,5,1,3
BRDA:84,6,0,0
BRDA:84,6,1,6
BRDA:87,7,0,3
BRDA:87,7,1,3
BRF:14
BRH:11
end_of_record
TN:
SF:/home/davis/code/objectivefire/src/properties.js
FN:3,(anonymous_1)
FN:11,ObjectProperty
FN:33,(anonymous_3)
FN:41,ObjectArrayProperty
FN:63,(anonymous_5)
FN:70,PrimitiveProperty
FN:86,(anonymous_7)
FN:92,Properties
FN:123,(anonymous_9)
FN:136,(anonymous_10)
FN:140,(anonymous_11)
FN:144,(anonymous_12)
FNF:12
FNH:11
FNDA:15,(anonymous_1)
FNDA:6,ObjectProperty
FNDA:15,(anonymous_3)
FNDA:9,ObjectArrayProperty
FNDA:15,(anonymous_5)
FNDA:9,PrimitiveProperty
FNDA:15,(anonymous_7)
FNDA:9,Properties
FNDA:0,(anonymous_9)
FNDA:9,(anonymous_10)
FNDA:6,(anonymous_11)
FNDA:9,(anonymous_12)
DA:2,1
DA:11,1
DA:12,6
DA:13,0
DA:15,6
DA:16,0
DA:23,6
DA:29,6
DA:31,15
DA:41,1
DA:42,9
DA:43,0
DA:45,9
DA:46,0
DA:53,9
DA:59,9
DA:61,15
DA:70,1
DA:71,9
DA:72,0
DA:74,9
DA:75,0
DA:82,9
DA:84,15
DA:92,1
DA:93,9
DA:94,0
DA:101,9
DA:107,9
DA:113,9
DA:115,15
DA:124,0
DA:125,0
DA:126,0
DA:127,0
DA:128,0
DA:129,0
DA:131,0
DA:133,0
DA:137,9
DA:138,9
DA:141,6
DA:142,6
DA:145,9
DA:146,9
DA:149,15
LF:46
LH:31
BRDA:12,1,0,0
BRDA:12,1,1,6
BRDA:15,2,0,0
BRDA:15,2,1,6
BRDA:42,3,0,0
BRDA:42,3,1,9
BRDA:45,4,0,0
BRDA:45,4,1,9
BRDA:71,5,0,0
BRDA:71,5,1,9
BRDA:74,6,0,0
BRDA:74,6,1,9
BRDA:93,7,0,0
BRDA:93,7,1,9
BRDA:124,8,0,0
BRDA:124,8,1,0
BRDA:126,9,0,0
BRDA:126,9,1,0
BRDA:128,10,0,0
BRDA:128,10,1,0
BRF:20
BRH:7
end_of_record
